Note: Building hello_world=0.1.0-dev/hello_world.gpr...
Compile
   [Ada]          hello_world.adb
   [Ada]          adl_config.ads
   [Ada]          ft6x06.adb
   [Ada]          ft5336.adb
   [Ada]          stmpe811.adb
   [Ada]          xpt2046.adb
   [Ada]          xpt2046-temperature.adb
   [Ada]          ssd1306-standard_resolutions.ads
   [Ada]          ssd1306.adb
   [Ada]          pcd8544.adb
   [Ada]          pcd8544_reg.ads
   [Ada]          ili9341.ads
   [Ada]          ili9341-b16_connector.adb
   [Ada]          ili9341-device-bitmap.adb
   [Ada]          ili9341-spi_connector.adb
   [Ada]          ili9341-device.adb
   [Ada]          ili9341-regs.ads
   [Ada]          otm8009a.adb
   [Ada]          st7735r-ram_framebuffer.adb
   [Ada]          st7735r.adb
   [Ada]          lcd_hd44780-custom_characters.ads
   [Ada]          lcd_hd44780-pcf8574.adb
   [Ada]          lcd_hd44780.adb
   [Ada]          is31fl3731.adb
   [Ada]          adafruit-charliewing.adb
   [Ada]          w25q16.adb
   [Ada]          bbq10kbd.adb
   [Ada]          mpu9250.adb
   [Ada]          mma8653.adb
   [Ada]          lsm303agr.adb
   [Ada]          ak8963.adb
   [Ada]          lis3dsh-spi.adb
   [Ada]          lis3dsh.adb
   [Ada]          pmw3901.adb
   [Ada]          bno055_i2c_io.adb
   [Ada]          bosch_bno055.adb
   [Ada]          l3gd20.adb
   [Ada]          sgtl5000.adb
   [Ada]          cs43l22.adb
   [Ada]          wm8994.adb
   [Ada]          lps25h.ads
   [Ada]          lps25h-spi.adb
   [Ada]          lps25h-i2c.adb
   [Ada]          ht16k33.adb
   [Ada]          pcf8574.adb
   [Ada]          stmpe1600.adb
   [Ada]          mcp23017.ads
   [Ada]          mcp23x17-i2c.adb
   [Ada]          mcp23x17.adb
   [Ada]          mcp23x08-i2c.adb
   [Ada]          mcp23x08.adb
   [Ada]          mcp23008.ads
   [Ada]          adafruit-trellis.adb
   [Ada]          si4432.adb
   [Ada]          nrf24l01p.adb
   [Ada]          hm11.adb
   [Ada]          ov7725.adb
   [Ada]          ov2640.adb
   [Ada]          bit_fields.adb
   [Ada]          vl53l1x.adb
   [Ada]          vl53l0x.adb
   [Ada]          adafruit-thermal_printer.adb
   [Ada]          adafruit.ads
   [Ada]          ravenscar_time.adb
   [Ada]          neopixel.adb

   compilation of hello_world.adb failed

gprbuild: *** compilation phase failed
